INFO [2020-04-30 12:45:30] $x
INFO [2020-04-30 12:45:30] list(C0 = C0_only, C7 = C7_only, COC7_joint = COC7_joint, CIRC = circ_genes)
INFO [2020-04-30 12:45:30] 
INFO [2020-04-30 12:45:30] $filename
INFO [2020-04-30 12:45:30] paste0(WD, "/plots/20200426_rnaseq-kidney-C0C7-DE-CIRC-venn_steep.tiff")
INFO [2020-04-30 12:45:30] 
INFO [2020-04-30 12:45:30] $height
INFO [2020-04-30 12:45:30] [1] 900
INFO [2020-04-30 12:45:30] 
INFO [2020-04-30 12:45:30] $width
INFO [2020-04-30 12:45:30] [1] 900
INFO [2020-04-30 12:45:30] 
INFO [2020-04-30 12:45:30] $resolution
INFO [2020-04-30 12:45:30] [1] 300
INFO [2020-04-30 12:45:30] 
INFO [2020-04-30 12:45:30] $col
INFO [2020-04-30 12:45:30] [1] "black"
INFO [2020-04-30 12:45:30] 
INFO [2020-04-30 12:45:30] $fill
INFO [2020-04-30 12:45:30] c("dodgerblue", "goldenrod1", "darkorange1", "seagreen3")
INFO [2020-04-30 12:45:30] 
INFO [2020-04-30 12:45:30] $alpha
INFO [2020-04-30 12:45:30] [1] 0.5
INFO [2020-04-30 12:45:30] 
INFO [2020-04-30 12:45:30] $cat.cex
INFO [2020-04-30 12:45:30] [1] 0.8
INFO [2020-04-30 12:45:30] 
INFO [2020-04-30 12:45:30] $cat.fontface
INFO [2020-04-30 12:45:30] [1] "bold"
INFO [2020-04-30 12:45:30] 
INFO [2020-04-30 12:45:30] $margin
INFO [2020-04-30 12:45:30] [1] 0.05
INFO [2020-04-30 12:45:30] 
