INFO [2020-06-18 14:47:29] $x
INFO [2020-06-18 14:47:29] list(C0C7 = c0c7_cols$ENSEMBL_RAT, C0E7 = c0e7_cols$ENSEMBL_RAT, 
INFO [2020-06-18 14:47:29]     C7E7 = c7e7_cols$ENSEMBL_RAT)
INFO [2020-06-18 14:47:29] 
INFO [2020-06-18 14:47:29] $filename
INFO [2020-06-18 14:47:29] paste0(WD, "DataAnalysis/20200309_rna-seq_steep/plots/20200618_", 
INFO [2020-06-18 14:47:29]     TISSUE, "-venn_zhang.tiff")
INFO [2020-06-18 14:47:29] 
INFO [2020-06-18 14:47:29] $height
INFO [2020-06-18 14:47:29] [1] 900
INFO [2020-06-18 14:47:29] 
INFO [2020-06-18 14:47:29] $width
INFO [2020-06-18 14:47:29] [1] 900
INFO [2020-06-18 14:47:29] 
INFO [2020-06-18 14:47:29] $resolution
INFO [2020-06-18 14:47:29] [1] 300
INFO [2020-06-18 14:47:29] 
INFO [2020-06-18 14:47:29] $col
INFO [2020-06-18 14:47:29] [1] "black"
INFO [2020-06-18 14:47:29] 
INFO [2020-06-18 14:47:29] $fill
INFO [2020-06-18 14:47:29] c("dodgerblue", "goldenrod1", "seagreen3")
INFO [2020-06-18 14:47:29] 
INFO [2020-06-18 14:47:29] $alpha
INFO [2020-06-18 14:47:29] [1] 0.5
INFO [2020-06-18 14:47:29] 
INFO [2020-06-18 14:47:29] $cat.cex
INFO [2020-06-18 14:47:29] [1] 0.8
INFO [2020-06-18 14:47:29] 
INFO [2020-06-18 14:47:29] $cat.fontface
INFO [2020-06-18 14:47:29] [1] "bold"
INFO [2020-06-18 14:47:29] 
INFO [2020-06-18 14:47:29] $margin
INFO [2020-06-18 14:47:29] [1] 0.05
INFO [2020-06-18 14:47:29] 
