INFO [2020-04-30 12:44:20] $x
INFO [2020-04-30 12:44:20] list(C0 = C0_only, C7 = C7_only, COC7_joint = COC7_joint, CIRC = circ_genes)
INFO [2020-04-30 12:44:20] 
INFO [2020-04-30 12:44:20] $filename
INFO [2020-04-30 12:44:20] paste0(WD, "/plots/20200426_rnaseq-kidney-C0C7-DE-venn_steep.tiff")
INFO [2020-04-30 12:44:20] 
INFO [2020-04-30 12:44:20] $height
INFO [2020-04-30 12:44:20] [1] 900
INFO [2020-04-30 12:44:20] 
INFO [2020-04-30 12:44:20] $width
INFO [2020-04-30 12:44:20] [1] 900
INFO [2020-04-30 12:44:20] 
INFO [2020-04-30 12:44:20] $resolution
INFO [2020-04-30 12:44:20] [1] 300
INFO [2020-04-30 12:44:20] 
INFO [2020-04-30 12:44:20] $col
INFO [2020-04-30 12:44:20] [1] "black"
INFO [2020-04-30 12:44:20] 
INFO [2020-04-30 12:44:20] $fill
INFO [2020-04-30 12:44:20] c("dodgerblue", "goldenrod1", "darkorange1", "seagreen3")
INFO [2020-04-30 12:44:20] 
INFO [2020-04-30 12:44:20] $alpha
INFO [2020-04-30 12:44:20] [1] 0.5
INFO [2020-04-30 12:44:20] 
INFO [2020-04-30 12:44:20] $cat.cex
INFO [2020-04-30 12:44:20] [1] 0.8
INFO [2020-04-30 12:44:20] 
INFO [2020-04-30 12:44:20] $cat.fontface
INFO [2020-04-30 12:44:20] [1] "bold"
INFO [2020-04-30 12:44:20] 
INFO [2020-04-30 12:44:20] $margin
INFO [2020-04-30 12:44:20] [1] 0.05
INFO [2020-04-30 12:44:20] 
