INFO [2020-04-30 12:42:10] $x
INFO [2020-04-30 12:42:10] list(C0 = C0_only, C7 = C7_only, COC7_joint = COC7_joint, CIRC = CIRC_DE$ENSEMBL_RAT)
INFO [2020-04-30 12:42:10] 
INFO [2020-04-30 12:42:10] $filename
INFO [2020-04-30 12:42:10] paste0(WD, "/plots/20200426_rnaseq-kidney-C0C7-DE-venn_steep.tiff")
INFO [2020-04-30 12:42:10] 
INFO [2020-04-30 12:42:10] $height
INFO [2020-04-30 12:42:10] [1] 900
INFO [2020-04-30 12:42:10] 
INFO [2020-04-30 12:42:10] $width
INFO [2020-04-30 12:42:10] [1] 900
INFO [2020-04-30 12:42:10] 
INFO [2020-04-30 12:42:10] $resolution
INFO [2020-04-30 12:42:10] [1] 300
INFO [2020-04-30 12:42:10] 
INFO [2020-04-30 12:42:10] $col
INFO [2020-04-30 12:42:10] [1] "black"
INFO [2020-04-30 12:42:10] 
INFO [2020-04-30 12:42:10] $fill
INFO [2020-04-30 12:42:10] c("dodgerblue", "goldenrod1", "darkorange1", "seagreen3")
INFO [2020-04-30 12:42:10] 
INFO [2020-04-30 12:42:10] $alpha
INFO [2020-04-30 12:42:10] [1] 0.5
INFO [2020-04-30 12:42:10] 
INFO [2020-04-30 12:42:10] $cex
INFO [2020-04-30 12:42:10] c(rep(0.8, 4), rep(0.4, 26))
INFO [2020-04-30 12:42:10] 
INFO [2020-04-30 12:42:10] $cat.col
INFO [2020-04-30 12:42:10] c("dodgerblue", "goldenrod1", "darkorange1", "seagreen3", "orchid3")
INFO [2020-04-30 12:42:10] 
INFO [2020-04-30 12:42:10] $cat.cex
INFO [2020-04-30 12:42:10] [1] 0.8
INFO [2020-04-30 12:42:10] 
INFO [2020-04-30 12:42:10] $cat.fontface
INFO [2020-04-30 12:42:10] [1] "bold"
INFO [2020-04-30 12:42:10] 
INFO [2020-04-30 12:42:10] $margin
INFO [2020-04-30 12:42:10] [1] 0.05
INFO [2020-04-30 12:42:10] 
ERROR [2020-04-30 12:42:10] Unexpected parameter length for 'cex'
