INFO [2020-05-28 10:23:28] $x
INFO [2020-05-28 10:23:28] list(SIN = sinmod_df$ENSEMBL_RAT, POLY4 = p4mod_df$ENSEMBL_RAT, 
INFO [2020-05-28 10:23:28]     CIRC = circ_hyp$ENSEMBL_RAT)
INFO [2020-05-28 10:23:28] 
INFO [2020-05-28 10:23:28] $filename
INFO [2020-05-28 10:23:28] paste0(WD, "DataAnalysis/20200309_rna-seq_steep/plots/20200515_hypothalamus-p4vssin-venn_zhang.tiff")
INFO [2020-05-28 10:23:28] 
INFO [2020-05-28 10:23:28] $height
INFO [2020-05-28 10:23:28] [1] 900
INFO [2020-05-28 10:23:28] 
INFO [2020-05-28 10:23:28] $width
INFO [2020-05-28 10:23:28] [1] 900
INFO [2020-05-28 10:23:28] 
INFO [2020-05-28 10:23:28] $resolution
INFO [2020-05-28 10:23:28] [1] 300
INFO [2020-05-28 10:23:28] 
INFO [2020-05-28 10:23:28] $col
INFO [2020-05-28 10:23:28] [1] "black"
INFO [2020-05-28 10:23:28] 
INFO [2020-05-28 10:23:28] $fill
INFO [2020-05-28 10:23:28] c("dodgerblue", "goldenrod1", "seagreen3")
INFO [2020-05-28 10:23:28] 
INFO [2020-05-28 10:23:28] $alpha
INFO [2020-05-28 10:23:28] [1] 0.5
INFO [2020-05-28 10:23:28] 
INFO [2020-05-28 10:23:28] $cat.cex
INFO [2020-05-28 10:23:28] [1] 0.8
INFO [2020-05-28 10:23:28] 
INFO [2020-05-28 10:23:28] $cat.fontface
INFO [2020-05-28 10:23:28] [1] "bold"
INFO [2020-05-28 10:23:28] 
INFO [2020-05-28 10:23:28] $margin
INFO [2020-05-28 10:23:28] [1] 0.05
INFO [2020-05-28 10:23:28] 
