INFO [2020-06-18 15:10:54] $x
INFO [2020-06-18 15:10:54] list(BAdipose_C7E7 = BAdipose_C7E7, Adrenal_C7E7 = Adrenal_CC7E7, 
INFO [2020-06-18 15:10:54]     Aorta_C7E7 = Aorta_CC7E7)
INFO [2020-06-18 15:10:54] 
INFO [2020-06-18 15:10:54] $filename
INFO [2020-06-18 15:10:54] paste0(WD, "DataAnalysis/20200309_rna-seq_steep/plots/20200618_c7e7-venn_zhang.tiff")
INFO [2020-06-18 15:10:54] 
INFO [2020-06-18 15:10:54] $height
INFO [2020-06-18 15:10:54] [1] 900
INFO [2020-06-18 15:10:54] 
INFO [2020-06-18 15:10:54] $width
INFO [2020-06-18 15:10:54] [1] 900
INFO [2020-06-18 15:10:54] 
INFO [2020-06-18 15:10:54] $resolution
INFO [2020-06-18 15:10:54] [1] 300
INFO [2020-06-18 15:10:54] 
INFO [2020-06-18 15:10:54] $col
INFO [2020-06-18 15:10:54] [1] "black"
INFO [2020-06-18 15:10:54] 
INFO [2020-06-18 15:10:54] $fill
INFO [2020-06-18 15:10:54] c("dodgerblue", "goldenrod1", "seagreen3")
INFO [2020-06-18 15:10:54] 
INFO [2020-06-18 15:10:54] $alpha
INFO [2020-06-18 15:10:54] [1] 0.5
INFO [2020-06-18 15:10:54] 
INFO [2020-06-18 15:10:54] $cat.cex
INFO [2020-06-18 15:10:54] [1] 0.8
INFO [2020-06-18 15:10:54] 
INFO [2020-06-18 15:10:54] $cat.fontface
INFO [2020-06-18 15:10:54] [1] "bold"
INFO [2020-06-18 15:10:54] 
INFO [2020-06-18 15:10:54] $margin
INFO [2020-06-18 15:10:54] [1] 0.05
INFO [2020-06-18 15:10:54] 
