INFO [2020-06-18 15:01:25] $x
INFO [2020-06-18 15:01:25] list(C0C7 = c0c7_cols$ENSEMBL_RAT, C0E7 = c0e7_cols$ENSEMBL_RAT, 
INFO [2020-06-18 15:01:25]     C7E7 = c7e7_cols$ENSEMBL_RAT)
INFO [2020-06-18 15:01:25] 
INFO [2020-06-18 15:01:25] $filename
INFO [2020-06-18 15:01:25] paste0(WD, "DataAnalysis/20200309_rna-seq_steep/plots/20200618_", 
INFO [2020-06-18 15:01:25]     TISSUE, "-venn_zhang.tiff")
INFO [2020-06-18 15:01:25] 
INFO [2020-06-18 15:01:25] $height
INFO [2020-06-18 15:01:25] [1] 900
INFO [2020-06-18 15:01:25] 
INFO [2020-06-18 15:01:25] $width
INFO [2020-06-18 15:01:25] [1] 900
INFO [2020-06-18 15:01:25] 
INFO [2020-06-18 15:01:25] $resolution
INFO [2020-06-18 15:01:25] [1] 300
INFO [2020-06-18 15:01:25] 
INFO [2020-06-18 15:01:25] $col
INFO [2020-06-18 15:01:25] [1] "black"
INFO [2020-06-18 15:01:25] 
INFO [2020-06-18 15:01:25] $fill
INFO [2020-06-18 15:01:25] c("dodgerblue", "goldenrod1", "seagreen3")
INFO [2020-06-18 15:01:25] 
INFO [2020-06-18 15:01:25] $alpha
INFO [2020-06-18 15:01:25] [1] 0.5
INFO [2020-06-18 15:01:25] 
INFO [2020-06-18 15:01:25] $cat.cex
INFO [2020-06-18 15:01:25] [1] 0.8
INFO [2020-06-18 15:01:25] 
INFO [2020-06-18 15:01:25] $cat.fontface
INFO [2020-06-18 15:01:25] [1] "bold"
INFO [2020-06-18 15:01:25] 
INFO [2020-06-18 15:01:25] $margin
INFO [2020-06-18 15:01:25] [1] 0.05
INFO [2020-06-18 15:01:25] 
