INFO [2020-04-30 12:46:29] $x
INFO [2020-04-30 12:46:29] list(C0 = C0_only, C7 = C7_only, COC7_joint = COC7_joint)
INFO [2020-04-30 12:46:29] 
INFO [2020-04-30 12:46:29] $filename
INFO [2020-04-30 12:46:29] paste0(WD, "/plots/20200426_rnaseq-kidney-C0C7-DE-venn_steep.tiff")
INFO [2020-04-30 12:46:29] 
INFO [2020-04-30 12:46:29] $height
INFO [2020-04-30 12:46:29] [1] 900
INFO [2020-04-30 12:46:29] 
INFO [2020-04-30 12:46:29] $width
INFO [2020-04-30 12:46:29] [1] 900
INFO [2020-04-30 12:46:29] 
INFO [2020-04-30 12:46:29] $resolution
INFO [2020-04-30 12:46:29] [1] 300
INFO [2020-04-30 12:46:29] 
INFO [2020-04-30 12:46:29] $col
INFO [2020-04-30 12:46:29] [1] "black"
INFO [2020-04-30 12:46:29] 
INFO [2020-04-30 12:46:29] $fill
INFO [2020-04-30 12:46:29] c("dodgerblue", "goldenrod1", "darkorange1")
INFO [2020-04-30 12:46:29] 
INFO [2020-04-30 12:46:29] $alpha
INFO [2020-04-30 12:46:29] [1] 0.5
INFO [2020-04-30 12:46:29] 
INFO [2020-04-30 12:46:29] $cat.cex
INFO [2020-04-30 12:46:29] [1] 0.8
INFO [2020-04-30 12:46:29] 
INFO [2020-04-30 12:46:29] $cat.fontface
INFO [2020-04-30 12:46:29] [1] "bold"
INFO [2020-04-30 12:46:29] 
INFO [2020-04-30 12:46:29] $margin
INFO [2020-04-30 12:46:29] [1] 0.05
INFO [2020-04-30 12:46:29] 
