INFO [2020-06-29 16:23:54] $x
INFO [2020-06-29 16:23:54] list(SIN = sinmod_df$ENSEMBL_RAT, C0C7 = c0c7_cols$ENSEMBL_RAT, 
INFO [2020-06-29 16:23:54]     CIRC = circ_df$ENSEMBL_RAT)
INFO [2020-06-29 16:23:54] 
INFO [2020-06-29 16:23:54] $filename
INFO [2020-06-29 16:23:54] paste0(WD, "DataAnalysis/20200309_rna-seq_steep/plots/20200629_", 
INFO [2020-06-29 16:23:54]     TISSUE, "-p4vssin-venn_zhang.tiff")
INFO [2020-06-29 16:23:54] 
INFO [2020-06-29 16:23:54] $height
INFO [2020-06-29 16:23:54] [1] 900
INFO [2020-06-29 16:23:54] 
INFO [2020-06-29 16:23:54] $width
INFO [2020-06-29 16:23:54] [1] 900
INFO [2020-06-29 16:23:54] 
INFO [2020-06-29 16:23:54] $resolution
INFO [2020-06-29 16:23:54] [1] 300
INFO [2020-06-29 16:23:54] 
INFO [2020-06-29 16:23:54] $col
INFO [2020-06-29 16:23:54] [1] "black"
INFO [2020-06-29 16:23:54] 
INFO [2020-06-29 16:23:54] $fill
INFO [2020-06-29 16:23:54] c("dodgerblue", "goldenrod1", "seagreen3")
INFO [2020-06-29 16:23:54] 
INFO [2020-06-29 16:23:54] $alpha
INFO [2020-06-29 16:23:54] [1] 0.5
INFO [2020-06-29 16:23:54] 
INFO [2020-06-29 16:23:54] $cat.cex
INFO [2020-06-29 16:23:54] [1] 0.8
INFO [2020-06-29 16:23:54] 
INFO [2020-06-29 16:23:54] $cat.fontface
INFO [2020-06-29 16:23:54] [1] "bold"
INFO [2020-06-29 16:23:54] 
INFO [2020-06-29 16:23:54] $margin
INFO [2020-06-29 16:23:54] [1] 0.05
INFO [2020-06-29 16:23:54] 
