INFO [2020-04-30 12:47:55] $x
INFO [2020-04-30 12:47:55] list(C0 = de0_df$ENSEMBL_RAT, C7 = de7_df$ENSEMBL_RAT, CIRC = circ_genes)
INFO [2020-04-30 12:47:55] 
INFO [2020-04-30 12:47:55] $filename
INFO [2020-04-30 12:47:55] paste0(WD, "/plots/20200426_rnaseq-kidney-C0C7-DE-CIRC-venn_steep.tiff")
INFO [2020-04-30 12:47:55] 
INFO [2020-04-30 12:47:55] $height
INFO [2020-04-30 12:47:55] [1] 900
INFO [2020-04-30 12:47:55] 
INFO [2020-04-30 12:47:55] $width
INFO [2020-04-30 12:47:55] [1] 900
INFO [2020-04-30 12:47:55] 
INFO [2020-04-30 12:47:55] $resolution
INFO [2020-04-30 12:47:55] [1] 300
INFO [2020-04-30 12:47:55] 
INFO [2020-04-30 12:47:55] $col
INFO [2020-04-30 12:47:55] [1] "black"
INFO [2020-04-30 12:47:55] 
INFO [2020-04-30 12:47:55] $fill
INFO [2020-04-30 12:47:55] c("dodgerblue", "goldenrod1", "seagreen3")
INFO [2020-04-30 12:47:55] 
INFO [2020-04-30 12:47:55] $alpha
INFO [2020-04-30 12:47:55] [1] 0.5
INFO [2020-04-30 12:47:55] 
INFO [2020-04-30 12:47:55] $cat.cex
INFO [2020-04-30 12:47:55] [1] 0.8
INFO [2020-04-30 12:47:55] 
INFO [2020-04-30 12:47:55] $cat.fontface
INFO [2020-04-30 12:47:55] [1] "bold"
INFO [2020-04-30 12:47:55] 
INFO [2020-04-30 12:47:55] $margin
INFO [2020-04-30 12:47:55] [1] 0.05
INFO [2020-04-30 12:47:55] 
