INFO [2020-04-30 12:42:58] $x
INFO [2020-04-30 12:42:58] list(C0 = C0_only, C7 = C7_only, COC7_joint = COC7_joint, CIRC = CIRC_DE$ENSEMBL_RAT)
INFO [2020-04-30 12:42:58] 
INFO [2020-04-30 12:42:58] $filename
INFO [2020-04-30 12:42:58] paste0(WD, "/plots/20200426_rnaseq-kidney-C0C7-DE-venn_steep.tiff")
INFO [2020-04-30 12:42:58] 
INFO [2020-04-30 12:42:58] $height
INFO [2020-04-30 12:42:58] [1] 900
INFO [2020-04-30 12:42:58] 
INFO [2020-04-30 12:42:58] $width
INFO [2020-04-30 12:42:58] [1] 900
INFO [2020-04-30 12:42:58] 
INFO [2020-04-30 12:42:58] $resolution
INFO [2020-04-30 12:42:58] [1] 300
INFO [2020-04-30 12:42:58] 
INFO [2020-04-30 12:42:58] $col
INFO [2020-04-30 12:42:58] [1] "black"
INFO [2020-04-30 12:42:58] 
INFO [2020-04-30 12:42:58] $fill
INFO [2020-04-30 12:42:58] c("dodgerblue", "goldenrod1", "darkorange1", "seagreen3")
INFO [2020-04-30 12:42:58] 
INFO [2020-04-30 12:42:58] $alpha
INFO [2020-04-30 12:42:58] [1] 0.5
INFO [2020-04-30 12:42:58] 
INFO [2020-04-30 12:42:58] $cex
INFO [2020-04-30 12:42:58] c(rep(0.8, 4), rep(0.4, 17))
INFO [2020-04-30 12:42:58] 
INFO [2020-04-30 12:42:58] $cat.col
INFO [2020-04-30 12:42:58] c("dodgerblue", "goldenrod1", "darkorange1", "seagreen3", "orchid3")
INFO [2020-04-30 12:42:58] 
INFO [2020-04-30 12:42:58] $cat.cex
INFO [2020-04-30 12:42:58] [1] 0.8
INFO [2020-04-30 12:42:58] 
INFO [2020-04-30 12:42:58] $cat.fontface
INFO [2020-04-30 12:42:58] [1] "bold"
INFO [2020-04-30 12:42:58] 
INFO [2020-04-30 12:42:58] $margin
INFO [2020-04-30 12:42:58] [1] 0.05
INFO [2020-04-30 12:42:58] 
ERROR [2020-04-30 12:42:58] Unexpected parameter length for 'cex'
