INFO [2020-06-18 15:08:56] $x
INFO [2020-06-18 15:08:56] list(BAdipose_C0E7 = BAdipose_C0E7, Adrenal_C0E7 = Adrenal_CC0E7, 
INFO [2020-06-18 15:08:56]     Aorta_C0E7 = Aorta_CC0E7)
INFO [2020-06-18 15:08:56] 
INFO [2020-06-18 15:08:56] $filename
INFO [2020-06-18 15:08:56] paste0(WD, "DataAnalysis/20200309_rna-seq_steep/plots/20200618_c0e7-venn_zhang.tiff")
INFO [2020-06-18 15:08:56] 
INFO [2020-06-18 15:08:56] $height
INFO [2020-06-18 15:08:56] [1] 900
INFO [2020-06-18 15:08:56] 
INFO [2020-06-18 15:08:56] $width
INFO [2020-06-18 15:08:56] [1] 900
INFO [2020-06-18 15:08:56] 
INFO [2020-06-18 15:08:56] $resolution
INFO [2020-06-18 15:08:56] [1] 300
INFO [2020-06-18 15:08:56] 
INFO [2020-06-18 15:08:56] $col
INFO [2020-06-18 15:08:56] [1] "black"
INFO [2020-06-18 15:08:56] 
INFO [2020-06-18 15:08:56] $fill
INFO [2020-06-18 15:08:56] c("dodgerblue", "goldenrod1", "seagreen3")
INFO [2020-06-18 15:08:56] 
INFO [2020-06-18 15:08:56] $alpha
INFO [2020-06-18 15:08:56] [1] 0.5
INFO [2020-06-18 15:08:56] 
INFO [2020-06-18 15:08:56] $cat.cex
INFO [2020-06-18 15:08:56] [1] 0.8
INFO [2020-06-18 15:08:56] 
INFO [2020-06-18 15:08:56] $cat.fontface
INFO [2020-06-18 15:08:56] [1] "bold"
INFO [2020-06-18 15:08:56] 
INFO [2020-06-18 15:08:56] $margin
INFO [2020-06-18 15:08:56] [1] 0.05
INFO [2020-06-18 15:08:56] 
