INFO [2020-04-30 12:46:23] $x
INFO [2020-04-30 12:46:23] list(C0 = C0_only, C7 = C7_only, COC7_joint = COC7_joint)
INFO [2020-04-30 12:46:23] 
INFO [2020-04-30 12:46:23] $filename
INFO [2020-04-30 12:46:23] paste0(WD, "/plots/20200426_rnaseq-kidney-C0C7-DE-venn_steep.tiff")
INFO [2020-04-30 12:46:23] 
INFO [2020-04-30 12:46:23] $height
INFO [2020-04-30 12:46:23] [1] 900
INFO [2020-04-30 12:46:23] 
INFO [2020-04-30 12:46:23] $width
INFO [2020-04-30 12:46:23] [1] 900
INFO [2020-04-30 12:46:23] 
INFO [2020-04-30 12:46:23] $resolution
INFO [2020-04-30 12:46:23] [1] 300
INFO [2020-04-30 12:46:23] 
INFO [2020-04-30 12:46:23] $col
INFO [2020-04-30 12:46:23] [1] "black"
INFO [2020-04-30 12:46:23] 
INFO [2020-04-30 12:46:23] $fill
INFO [2020-04-30 12:46:23] c("dodgerblue", "goldenrod1", "darkorange1", "seagreen3")
INFO [2020-04-30 12:46:23] 
INFO [2020-04-30 12:46:23] $alpha
INFO [2020-04-30 12:46:23] [1] 0.5
INFO [2020-04-30 12:46:23] 
INFO [2020-04-30 12:46:23] $cat.cex
INFO [2020-04-30 12:46:23] [1] 0.8
INFO [2020-04-30 12:46:23] 
INFO [2020-04-30 12:46:23] $cat.fontface
INFO [2020-04-30 12:46:23] [1] "bold"
INFO [2020-04-30 12:46:23] 
INFO [2020-04-30 12:46:23] $margin
INFO [2020-04-30 12:46:23] [1] 0.05
INFO [2020-04-30 12:46:23] 
ERROR [2020-04-30 12:46:23] Unexpected parameter length for 'fill'
