INFO [2020-06-29 00:49:20] $x
INFO [2020-06-29 00:49:20] list(SIN = sinmod_df$ENSEMBL_RAT, NS4 = p4mod_df$ENSEMBL_RAT, 
INFO [2020-06-29 00:49:20]     CIRC = circ_df$ENSEMBL_RAT)
INFO [2020-06-29 00:49:20] 
INFO [2020-06-29 00:49:20] $filename
INFO [2020-06-29 00:49:20] paste0(WD, "DataAnalysis/20200309_rna-seq_steep/plots/20200629_", 
INFO [2020-06-29 00:49:20]     TISSUE, "-p4vssin-venn_zhang.tiff")
INFO [2020-06-29 00:49:20] 
INFO [2020-06-29 00:49:20] $height
INFO [2020-06-29 00:49:20] [1] 900
INFO [2020-06-29 00:49:20] 
INFO [2020-06-29 00:49:20] $width
INFO [2020-06-29 00:49:20] [1] 900
INFO [2020-06-29 00:49:20] 
INFO [2020-06-29 00:49:20] $resolution
INFO [2020-06-29 00:49:20] [1] 300
INFO [2020-06-29 00:49:20] 
INFO [2020-06-29 00:49:20] $col
INFO [2020-06-29 00:49:20] [1] "black"
INFO [2020-06-29 00:49:20] 
INFO [2020-06-29 00:49:20] $fill
INFO [2020-06-29 00:49:20] c("dodgerblue", "goldenrod1", "seagreen3")
INFO [2020-06-29 00:49:20] 
INFO [2020-06-29 00:49:20] $alpha
INFO [2020-06-29 00:49:20] [1] 0.5
INFO [2020-06-29 00:49:20] 
INFO [2020-06-29 00:49:20] $cat.cex
INFO [2020-06-29 00:49:20] [1] 0.8
INFO [2020-06-29 00:49:20] 
INFO [2020-06-29 00:49:20] $cat.fontface
INFO [2020-06-29 00:49:20] [1] "bold"
INFO [2020-06-29 00:49:20] 
INFO [2020-06-29 00:49:20] $margin
INFO [2020-06-29 00:49:20] [1] 0.05
INFO [2020-06-29 00:49:20] 
