INFO [2020-06-18 15:06:18] $x
INFO [2020-06-18 15:06:18] list(BAdipose_C0C7 = BAdipose_C0C7, Aorta_C0C7 = Aorta_C0C7, 
INFO [2020-06-18 15:06:18]     Adrenal_C0C7 = Adrenal_C0C7)
INFO [2020-06-18 15:06:18] 
INFO [2020-06-18 15:06:18] $filename
INFO [2020-06-18 15:06:18] paste0(WD, "DataAnalysis/20200309_rna-seq_steep/plots/20200618_c0c7-venn_zhang.tiff")
INFO [2020-06-18 15:06:18] 
INFO [2020-06-18 15:06:18] $height
INFO [2020-06-18 15:06:18] [1] 900
INFO [2020-06-18 15:06:18] 
INFO [2020-06-18 15:06:18] $width
INFO [2020-06-18 15:06:18] [1] 900
INFO [2020-06-18 15:06:18] 
INFO [2020-06-18 15:06:18] $resolution
INFO [2020-06-18 15:06:18] [1] 300
INFO [2020-06-18 15:06:18] 
INFO [2020-06-18 15:06:18] $col
INFO [2020-06-18 15:06:18] [1] "black"
INFO [2020-06-18 15:06:18] 
INFO [2020-06-18 15:06:18] $fill
INFO [2020-06-18 15:06:18] c("dodgerblue", "goldenrod1", "seagreen3")
INFO [2020-06-18 15:06:18] 
INFO [2020-06-18 15:06:18] $alpha
INFO [2020-06-18 15:06:18] [1] 0.5
INFO [2020-06-18 15:06:18] 
INFO [2020-06-18 15:06:18] $cat.cex
INFO [2020-06-18 15:06:18] [1] 0.8
INFO [2020-06-18 15:06:18] 
INFO [2020-06-18 15:06:18] $cat.fontface
INFO [2020-06-18 15:06:18] [1] "bold"
INFO [2020-06-18 15:06:18] 
INFO [2020-06-18 15:06:18] $margin
INFO [2020-06-18 15:06:18] [1] 0.05
INFO [2020-06-18 15:06:18] 
