INFO [2020-05-07 01:29:58] $x
INFO [2020-05-07 01:29:58] list(Poly4 = p4mod_df$ENSEMBL_RAT, SIN = sinmod_df$ENSEMBL_RAT)
INFO [2020-05-07 01:29:58] 
INFO [2020-05-07 01:29:58] $filename
INFO [2020-05-07 01:29:58] paste0(WD, "/plots/20200505_rnaseq-kidney-p4vssin-venn_steep.tiff")
INFO [2020-05-07 01:29:58] 
INFO [2020-05-07 01:29:58] $height
INFO [2020-05-07 01:29:58] [1] 900
INFO [2020-05-07 01:29:58] 
INFO [2020-05-07 01:29:58] $width
INFO [2020-05-07 01:29:58] [1] 900
INFO [2020-05-07 01:29:58] 
INFO [2020-05-07 01:29:58] $resolution
INFO [2020-05-07 01:29:58] [1] 300
INFO [2020-05-07 01:29:58] 
INFO [2020-05-07 01:29:58] $col
INFO [2020-05-07 01:29:58] [1] "black"
INFO [2020-05-07 01:29:58] 
INFO [2020-05-07 01:29:58] $fill
INFO [2020-05-07 01:29:58] c("dodgerblue", "goldenrod1")
INFO [2020-05-07 01:29:58] 
INFO [2020-05-07 01:29:58] $alpha
INFO [2020-05-07 01:29:58] [1] 0.5
INFO [2020-05-07 01:29:58] 
INFO [2020-05-07 01:29:58] $cat.cex
INFO [2020-05-07 01:29:58] [1] 0.8
INFO [2020-05-07 01:29:58] 
INFO [2020-05-07 01:29:58] $cat.fontface
INFO [2020-05-07 01:29:58] [1] "bold"
INFO [2020-05-07 01:29:58] 
INFO [2020-05-07 01:29:58] $margin
INFO [2020-05-07 01:29:58] [1] 0.05
INFO [2020-05-07 01:29:58] 
