INFO [2020-05-07 04:06:55] $x
INFO [2020-05-07 04:06:55] list(SIN = sinmod_df$ENSEMBL_RAT, POLY4 = p4mod_df$ENSEMBL_RAT)
INFO [2020-05-07 04:06:55] 
INFO [2020-05-07 04:06:55] $filename
INFO [2020-05-07 04:06:55] paste0(WD, "/plots/20200505_rnaseq-kidney-p4vssin-venn_steep.tiff")
INFO [2020-05-07 04:06:55] 
INFO [2020-05-07 04:06:55] $height
INFO [2020-05-07 04:06:55] [1] 900
INFO [2020-05-07 04:06:55] 
INFO [2020-05-07 04:06:55] $width
INFO [2020-05-07 04:06:55] [1] 900
INFO [2020-05-07 04:06:55] 
INFO [2020-05-07 04:06:55] $resolution
INFO [2020-05-07 04:06:55] [1] 300
INFO [2020-05-07 04:06:55] 
INFO [2020-05-07 04:06:55] $col
INFO [2020-05-07 04:06:55] [1] "black"
INFO [2020-05-07 04:06:55] 
INFO [2020-05-07 04:06:55] $fill
INFO [2020-05-07 04:06:55] c("dodgerblue", "goldenrod1")
INFO [2020-05-07 04:06:55] 
INFO [2020-05-07 04:06:55] $alpha
INFO [2020-05-07 04:06:55] [1] 0.5
INFO [2020-05-07 04:06:55] 
INFO [2020-05-07 04:06:55] $cat.cex
INFO [2020-05-07 04:06:55] [1] 0.8
INFO [2020-05-07 04:06:55] 
INFO [2020-05-07 04:06:55] $cat.fontface
INFO [2020-05-07 04:06:55] [1] "bold"
INFO [2020-05-07 04:06:55] 
INFO [2020-05-07 04:06:55] $margin
INFO [2020-05-07 04:06:55] [1] 0.05
INFO [2020-05-07 04:06:55] 
