INFO [2020-04-30 12:47:22] $x
INFO [2020-04-30 12:47:22] list(C0 = de0_df$ENSEMBL_RAT, C7 = de7_df$ENSEMBL_RAT)
INFO [2020-04-30 12:47:22] 
INFO [2020-04-30 12:47:22] $filename
INFO [2020-04-30 12:47:22] paste0(WD, "/plots/20200426_rnaseq-kidney-C0C7-DE-venn_steep.tiff")
INFO [2020-04-30 12:47:22] 
INFO [2020-04-30 12:47:22] $height
INFO [2020-04-30 12:47:22] [1] 900
INFO [2020-04-30 12:47:22] 
INFO [2020-04-30 12:47:22] $width
INFO [2020-04-30 12:47:22] [1] 900
INFO [2020-04-30 12:47:22] 
INFO [2020-04-30 12:47:22] $resolution
INFO [2020-04-30 12:47:22] [1] 300
INFO [2020-04-30 12:47:22] 
INFO [2020-04-30 12:47:22] $col
INFO [2020-04-30 12:47:22] [1] "black"
INFO [2020-04-30 12:47:22] 
INFO [2020-04-30 12:47:22] $fill
INFO [2020-04-30 12:47:22] c("dodgerblue", "goldenrod1")
INFO [2020-04-30 12:47:22] 
INFO [2020-04-30 12:47:22] $alpha
INFO [2020-04-30 12:47:22] [1] 0.5
INFO [2020-04-30 12:47:22] 
INFO [2020-04-30 12:47:22] $cat.cex
INFO [2020-04-30 12:47:22] [1] 0.8
INFO [2020-04-30 12:47:22] 
INFO [2020-04-30 12:47:22] $cat.fontface
INFO [2020-04-30 12:47:22] [1] "bold"
INFO [2020-04-30 12:47:22] 
INFO [2020-04-30 12:47:22] $margin
INFO [2020-04-30 12:47:22] [1] 0.05
INFO [2020-04-30 12:47:22] 
