INFO [2020-06-29 16:24:50] $x
INFO [2020-06-29 16:24:50] list(SIN = sinmod_df$ENSEMBL_RAT, SIN2 = sinmod2_df$ENSEMBL_RAT, 
INFO [2020-06-29 16:24:50]     CIRC = circ_df$ENSEMBL_RAT)
INFO [2020-06-29 16:24:50] 
INFO [2020-06-29 16:24:50] $filename
INFO [2020-06-29 16:24:50] paste0(WD, "DataAnalysis/20200309_rna-seq_steep/plots/20200629_", 
INFO [2020-06-29 16:24:50]     TISSUE, "-sin2vssin-venn_zhang.tiff")
INFO [2020-06-29 16:24:50] 
INFO [2020-06-29 16:24:50] $height
INFO [2020-06-29 16:24:50] [1] 900
INFO [2020-06-29 16:24:50] 
INFO [2020-06-29 16:24:50] $width
INFO [2020-06-29 16:24:50] [1] 900
INFO [2020-06-29 16:24:50] 
INFO [2020-06-29 16:24:50] $resolution
INFO [2020-06-29 16:24:50] [1] 300
INFO [2020-06-29 16:24:50] 
INFO [2020-06-29 16:24:50] $col
INFO [2020-06-29 16:24:50] [1] "black"
INFO [2020-06-29 16:24:50] 
INFO [2020-06-29 16:24:50] $fill
INFO [2020-06-29 16:24:50] c("dodgerblue", "goldenrod1", "seagreen3")
INFO [2020-06-29 16:24:50] 
INFO [2020-06-29 16:24:50] $alpha
INFO [2020-06-29 16:24:50] [1] 0.5
INFO [2020-06-29 16:24:50] 
INFO [2020-06-29 16:24:50] $cat.cex
INFO [2020-06-29 16:24:50] [1] 0.8
INFO [2020-06-29 16:24:50] 
INFO [2020-06-29 16:24:50] $cat.fontface
INFO [2020-06-29 16:24:50] [1] "bold"
INFO [2020-06-29 16:24:50] 
INFO [2020-06-29 16:24:50] $margin
INFO [2020-06-29 16:24:50] [1] 0.05
INFO [2020-06-29 16:24:50] 
