INFO [2020-04-30 12:43:04] $x
INFO [2020-04-30 12:43:04] list(C0 = C0_only, C7 = C7_only, COC7_joint = COC7_joint, CIRC = CIRC_DE$ENSEMBL_RAT)
INFO [2020-04-30 12:43:04] 
INFO [2020-04-30 12:43:04] $filename
INFO [2020-04-30 12:43:04] paste0(WD, "/plots/20200426_rnaseq-kidney-C0C7-DE-venn_steep.tiff")
INFO [2020-04-30 12:43:04] 
INFO [2020-04-30 12:43:04] $height
INFO [2020-04-30 12:43:04] [1] 900
INFO [2020-04-30 12:43:04] 
INFO [2020-04-30 12:43:04] $width
INFO [2020-04-30 12:43:04] [1] 900
INFO [2020-04-30 12:43:04] 
INFO [2020-04-30 12:43:04] $resolution
INFO [2020-04-30 12:43:04] [1] 300
INFO [2020-04-30 12:43:04] 
INFO [2020-04-30 12:43:04] $col
INFO [2020-04-30 12:43:04] [1] "black"
INFO [2020-04-30 12:43:04] 
INFO [2020-04-30 12:43:04] $fill
INFO [2020-04-30 12:43:04] c("dodgerblue", "goldenrod1", "darkorange1", "seagreen3")
INFO [2020-04-30 12:43:04] 
INFO [2020-04-30 12:43:04] $alpha
INFO [2020-04-30 12:43:04] [1] 0.5
INFO [2020-04-30 12:43:04] 
INFO [2020-04-30 12:43:04] $cex
INFO [2020-04-30 12:43:04] c(rep(0.8, 4), rep(0.4, 120))
INFO [2020-04-30 12:43:04] 
INFO [2020-04-30 12:43:04] $cat.col
INFO [2020-04-30 12:43:04] c("dodgerblue", "goldenrod1", "darkorange1", "seagreen3", "orchid3")
INFO [2020-04-30 12:43:04] 
INFO [2020-04-30 12:43:04] $cat.cex
INFO [2020-04-30 12:43:04] [1] 0.8
INFO [2020-04-30 12:43:04] 
INFO [2020-04-30 12:43:04] $cat.fontface
INFO [2020-04-30 12:43:04] [1] "bold"
INFO [2020-04-30 12:43:04] 
INFO [2020-04-30 12:43:04] $margin
INFO [2020-04-30 12:43:04] [1] 0.05
INFO [2020-04-30 12:43:04] 
ERROR [2020-04-30 12:43:04] Unexpected parameter length for 'cex'
