INFO [2020-05-07 01:32:40] $x
INFO [2020-05-07 01:32:40] list(POLY4 = p4mod_df$ENSEMBL_RAT, SIN = sinmod_df$ENSEMBL_RAT)
INFO [2020-05-07 01:32:40] 
INFO [2020-05-07 01:32:40] $filename
INFO [2020-05-07 01:32:40] paste0(WD, "/plots/20200505_rnaseq-kidney-p4vssin-venn_steep.tiff")
INFO [2020-05-07 01:32:40] 
INFO [2020-05-07 01:32:40] $height
INFO [2020-05-07 01:32:40] [1] 900
INFO [2020-05-07 01:32:40] 
INFO [2020-05-07 01:32:40] $width
INFO [2020-05-07 01:32:40] [1] 900
INFO [2020-05-07 01:32:40] 
INFO [2020-05-07 01:32:40] $resolution
INFO [2020-05-07 01:32:40] [1] 300
INFO [2020-05-07 01:32:40] 
INFO [2020-05-07 01:32:40] $col
INFO [2020-05-07 01:32:40] [1] "black"
INFO [2020-05-07 01:32:40] 
INFO [2020-05-07 01:32:40] $fill
INFO [2020-05-07 01:32:40] c("dodgerblue", "goldenrod1")
INFO [2020-05-07 01:32:40] 
INFO [2020-05-07 01:32:40] $alpha
INFO [2020-05-07 01:32:40] [1] 0.5
INFO [2020-05-07 01:32:40] 
INFO [2020-05-07 01:32:40] $cat.cex
INFO [2020-05-07 01:32:40] [1] 0.8
INFO [2020-05-07 01:32:40] 
INFO [2020-05-07 01:32:40] $cat.fontface
INFO [2020-05-07 01:32:40] [1] "bold"
INFO [2020-05-07 01:32:40] 
INFO [2020-05-07 01:32:40] $margin
INFO [2020-05-07 01:32:40] [1] 0.05
INFO [2020-05-07 01:32:40] 
