INFO [2020-04-30 14:43:59] $x
INFO [2020-04-30 14:43:59] list(C0 = de0_df$ENSEMBL_RAT, C7 = de7_df$ENSEMBL_RAT)
INFO [2020-04-30 14:43:59] 
INFO [2020-04-30 14:43:59] $filename
INFO [2020-04-30 14:43:59] paste0(WD, "/plots/20200426_rnaseq-kidney-C0C7-DE-venn_steep.tiff")
INFO [2020-04-30 14:43:59] 
INFO [2020-04-30 14:43:59] $height
INFO [2020-04-30 14:43:59] [1] 900
INFO [2020-04-30 14:43:59] 
INFO [2020-04-30 14:43:59] $width
INFO [2020-04-30 14:43:59] [1] 900
INFO [2020-04-30 14:43:59] 
INFO [2020-04-30 14:43:59] $resolution
INFO [2020-04-30 14:43:59] [1] 300
INFO [2020-04-30 14:43:59] 
INFO [2020-04-30 14:43:59] $col
INFO [2020-04-30 14:43:59] [1] "black"
INFO [2020-04-30 14:43:59] 
INFO [2020-04-30 14:43:59] $fill
INFO [2020-04-30 14:43:59] c("dodgerblue", "goldenrod1")
INFO [2020-04-30 14:43:59] 
INFO [2020-04-30 14:43:59] $alpha
INFO [2020-04-30 14:43:59] [1] 0.5
INFO [2020-04-30 14:43:59] 
INFO [2020-04-30 14:43:59] $cat.cex
INFO [2020-04-30 14:43:59] [1] 0.8
INFO [2020-04-30 14:43:59] 
INFO [2020-04-30 14:43:59] $cat.fontface
INFO [2020-04-30 14:43:59] [1] "bold"
INFO [2020-04-30 14:43:59] 
INFO [2020-04-30 14:43:59] $margin
INFO [2020-04-30 14:43:59] [1] 0.05
INFO [2020-04-30 14:43:59] 
