INFO [2020-05-07 01:28:47] $x
INFO [2020-05-07 01:28:47] list(Poly4 = p4mod_df$ENSEMBL_RAT, SIN = sinmod_df$ENSEMBL_RAT)
INFO [2020-05-07 01:28:47] 
INFO [2020-05-07 01:28:47] $filename
INFO [2020-05-07 01:28:47] paste0(WD, "/plots/20200505_rnaseq-kidney-p4vssin-venn_steep.tiff")
INFO [2020-05-07 01:28:47] 
INFO [2020-05-07 01:28:47] $height
INFO [2020-05-07 01:28:47] [1] 900
INFO [2020-05-07 01:28:47] 
INFO [2020-05-07 01:28:47] $width
INFO [2020-05-07 01:28:47] [1] 900
INFO [2020-05-07 01:28:47] 
INFO [2020-05-07 01:28:47] $resolution
INFO [2020-05-07 01:28:47] [1] 300
INFO [2020-05-07 01:28:47] 
INFO [2020-05-07 01:28:47] $col
INFO [2020-05-07 01:28:47] [1] "black"
INFO [2020-05-07 01:28:47] 
INFO [2020-05-07 01:28:47] $fill
INFO [2020-05-07 01:28:47] c("dodgerblue", "goldenrod1")
INFO [2020-05-07 01:28:47] 
INFO [2020-05-07 01:28:47] $alpha
INFO [2020-05-07 01:28:47] [1] 0.5
INFO [2020-05-07 01:28:47] 
INFO [2020-05-07 01:28:47] $cat.cex
INFO [2020-05-07 01:28:47] [1] 0.8
INFO [2020-05-07 01:28:47] 
INFO [2020-05-07 01:28:47] $cat.fontface
INFO [2020-05-07 01:28:47] [1] "bold"
INFO [2020-05-07 01:28:47] 
INFO [2020-05-07 01:28:47] $margin
INFO [2020-05-07 01:28:47] [1] 0.05
INFO [2020-05-07 01:28:47] 
