INFO [2020-05-07 04:05:49] $x
INFO [2020-05-07 04:05:49] list(POLY4 = p4mod_df$ENSEMBL_RAT, SIN = sinmod_df$ENSEMBL_RAT)
INFO [2020-05-07 04:05:49] 
INFO [2020-05-07 04:05:49] $filename
INFO [2020-05-07 04:05:49] paste0(WD, "/plots/20200505_rnaseq-kidney-p4vssin-venn_steep.tiff")
INFO [2020-05-07 04:05:49] 
INFO [2020-05-07 04:05:49] $height
INFO [2020-05-07 04:05:49] [1] 900
INFO [2020-05-07 04:05:49] 
INFO [2020-05-07 04:05:49] $width
INFO [2020-05-07 04:05:49] [1] 900
INFO [2020-05-07 04:05:49] 
INFO [2020-05-07 04:05:49] $resolution
INFO [2020-05-07 04:05:49] [1] 300
INFO [2020-05-07 04:05:49] 
INFO [2020-05-07 04:05:49] $col
INFO [2020-05-07 04:05:49] [1] "black"
INFO [2020-05-07 04:05:49] 
INFO [2020-05-07 04:05:49] $fill
INFO [2020-05-07 04:05:49] c("dodgerblue", "goldenrod1")
INFO [2020-05-07 04:05:49] 
INFO [2020-05-07 04:05:49] $alpha
INFO [2020-05-07 04:05:49] [1] 0.5
INFO [2020-05-07 04:05:49] 
INFO [2020-05-07 04:05:49] $cat.cex
INFO [2020-05-07 04:05:49] [1] 0.8
INFO [2020-05-07 04:05:49] 
INFO [2020-05-07 04:05:49] $cat.fontface
INFO [2020-05-07 04:05:49] [1] "bold"
INFO [2020-05-07 04:05:49] 
INFO [2020-05-07 04:05:49] $margin
INFO [2020-05-07 04:05:49] [1] 0.05
INFO [2020-05-07 04:05:49] 
