INFO [2020-05-07 02:57:36] $x
INFO [2020-05-07 02:57:36] list(POLY4 = p4mod_df$ENSEMBL_RAT, SIN = sinmod_df$ENSEMBL_RAT)
INFO [2020-05-07 02:57:36] 
INFO [2020-05-07 02:57:36] $filename
INFO [2020-05-07 02:57:36] paste0(WD, "/plots/20200505_rnaseq-kidney-p4vssin-venn_steep.tiff")
INFO [2020-05-07 02:57:36] 
INFO [2020-05-07 02:57:36] $height
INFO [2020-05-07 02:57:36] [1] 900
INFO [2020-05-07 02:57:36] 
INFO [2020-05-07 02:57:36] $width
INFO [2020-05-07 02:57:36] [1] 900
INFO [2020-05-07 02:57:36] 
INFO [2020-05-07 02:57:36] $resolution
INFO [2020-05-07 02:57:36] [1] 300
INFO [2020-05-07 02:57:36] 
INFO [2020-05-07 02:57:36] $col
INFO [2020-05-07 02:57:36] [1] "black"
INFO [2020-05-07 02:57:36] 
INFO [2020-05-07 02:57:36] $fill
INFO [2020-05-07 02:57:36] c("dodgerblue", "goldenrod1")
INFO [2020-05-07 02:57:36] 
INFO [2020-05-07 02:57:36] $alpha
INFO [2020-05-07 02:57:36] [1] 0.5
INFO [2020-05-07 02:57:36] 
INFO [2020-05-07 02:57:36] $cat.cex
INFO [2020-05-07 02:57:36] [1] 0.8
INFO [2020-05-07 02:57:36] 
INFO [2020-05-07 02:57:36] $cat.fontface
INFO [2020-05-07 02:57:36] [1] "bold"
INFO [2020-05-07 02:57:36] 
INFO [2020-05-07 02:57:36] $margin
INFO [2020-05-07 02:57:36] [1] 0.05
INFO [2020-05-07 02:57:36] 
