INFO [2020-05-07 09:10:45] $x
INFO [2020-05-07 09:10:45] list(SIN = sinmod_df$ENSEMBL_RAT, POLY4 = p4mod_df$ENSEMBL_RAT, 
INFO [2020-05-07 09:10:45]     CIRC = circ_kid)
INFO [2020-05-07 09:10:45] 
INFO [2020-05-07 09:10:45] $filename
INFO [2020-05-07 09:10:45] paste0(WD, "/plots/circ_steep.tiff")
INFO [2020-05-07 09:10:45] 
INFO [2020-05-07 09:10:45] $height
INFO [2020-05-07 09:10:45] [1] 900
INFO [2020-05-07 09:10:45] 
INFO [2020-05-07 09:10:45] $width
INFO [2020-05-07 09:10:45] [1] 900
INFO [2020-05-07 09:10:45] 
INFO [2020-05-07 09:10:45] $resolution
INFO [2020-05-07 09:10:45] [1] 300
INFO [2020-05-07 09:10:45] 
INFO [2020-05-07 09:10:45] $col
INFO [2020-05-07 09:10:45] [1] "black"
INFO [2020-05-07 09:10:45] 
INFO [2020-05-07 09:10:45] $fill
INFO [2020-05-07 09:10:45] c("dodgerblue", "goldenrod1", "seagreen3")
INFO [2020-05-07 09:10:45] 
INFO [2020-05-07 09:10:45] $alpha
INFO [2020-05-07 09:10:45] [1] 0.5
INFO [2020-05-07 09:10:45] 
INFO [2020-05-07 09:10:45] $cat.cex
INFO [2020-05-07 09:10:45] [1] 0.8
INFO [2020-05-07 09:10:45] 
INFO [2020-05-07 09:10:45] $cat.fontface
INFO [2020-05-07 09:10:45] [1] "bold"
INFO [2020-05-07 09:10:45] 
INFO [2020-05-07 09:10:45] $margin
INFO [2020-05-07 09:10:45] [1] 0.05
INFO [2020-05-07 09:10:45] 
ERROR [2020-05-07 09:10:45] NAs in dataset
