INFO [2020-05-07 09:10:56] $x
INFO [2020-05-07 09:10:56] list(SIN = sinmod_df$ENSEMBL_RAT, POLY4 = p4mod_df$ENSEMBL_RAT, 
INFO [2020-05-07 09:10:56]     CIRC = circ_kid$ENSEMBL_RAT)
INFO [2020-05-07 09:10:56] 
INFO [2020-05-07 09:10:56] $filename
INFO [2020-05-07 09:10:56] paste0(WD, "/plots/circ_steep.tiff")
INFO [2020-05-07 09:10:56] 
INFO [2020-05-07 09:10:56] $height
INFO [2020-05-07 09:10:56] [1] 900
INFO [2020-05-07 09:10:56] 
INFO [2020-05-07 09:10:56] $width
INFO [2020-05-07 09:10:56] [1] 900
INFO [2020-05-07 09:10:56] 
INFO [2020-05-07 09:10:56] $resolution
INFO [2020-05-07 09:10:56] [1] 300
INFO [2020-05-07 09:10:56] 
INFO [2020-05-07 09:10:56] $col
INFO [2020-05-07 09:10:56] [1] "black"
INFO [2020-05-07 09:10:56] 
INFO [2020-05-07 09:10:56] $fill
INFO [2020-05-07 09:10:56] c("dodgerblue", "goldenrod1", "seagreen3")
INFO [2020-05-07 09:10:56] 
INFO [2020-05-07 09:10:56] $alpha
INFO [2020-05-07 09:10:56] [1] 0.5
INFO [2020-05-07 09:10:56] 
INFO [2020-05-07 09:10:56] $cat.cex
INFO [2020-05-07 09:10:56] [1] 0.8
INFO [2020-05-07 09:10:56] 
INFO [2020-05-07 09:10:56] $cat.fontface
INFO [2020-05-07 09:10:56] [1] "bold"
INFO [2020-05-07 09:10:56] 
INFO [2020-05-07 09:10:56] $margin
INFO [2020-05-07 09:10:56] [1] 0.05
INFO [2020-05-07 09:10:56] 
