INFO [2020-05-18 12:35:57] $x
INFO [2020-05-18 12:35:57] list(SIN = sinmod_df$ENSEMBL_RAT, POLY4 = p4mod_df$ENSEMBL_RAT, 
INFO [2020-05-18 12:35:57]     CIRC = circ_df$ENSEMBL_RAT)
INFO [2020-05-18 12:35:57] 
INFO [2020-05-18 12:35:57] $filename
INFO [2020-05-18 12:35:57] paste0(WD, "/plots/circ_steep.tiff")
INFO [2020-05-18 12:35:57] 
INFO [2020-05-18 12:35:57] $height
INFO [2020-05-18 12:35:57] [1] 900
INFO [2020-05-18 12:35:57] 
INFO [2020-05-18 12:35:57] $width
INFO [2020-05-18 12:35:57] [1] 900
INFO [2020-05-18 12:35:57] 
INFO [2020-05-18 12:35:57] $resolution
INFO [2020-05-18 12:35:57] [1] 300
INFO [2020-05-18 12:35:57] 
INFO [2020-05-18 12:35:57] $col
INFO [2020-05-18 12:35:57] [1] "black"
INFO [2020-05-18 12:35:57] 
INFO [2020-05-18 12:35:57] $fill
INFO [2020-05-18 12:35:57] c("dodgerblue", "goldenrod1", "seagreen3")
INFO [2020-05-18 12:35:57] 
INFO [2020-05-18 12:35:57] $alpha
INFO [2020-05-18 12:35:57] [1] 0.5
INFO [2020-05-18 12:35:57] 
INFO [2020-05-18 12:35:57] $cat.cex
INFO [2020-05-18 12:35:57] [1] 0.8
INFO [2020-05-18 12:35:57] 
INFO [2020-05-18 12:35:57] $cat.fontface
INFO [2020-05-18 12:35:57] [1] "bold"
INFO [2020-05-18 12:35:57] 
INFO [2020-05-18 12:35:57] $margin
INFO [2020-05-18 12:35:57] [1] 0.05
INFO [2020-05-18 12:35:57] 
