INFO [2020-03-24 22:27:22] $x
INFO [2020-03-24 22:27:22] list(SF_1, SF_2, MS_1, MS_2, MS_3)
INFO [2020-03-24 22:27:22] 
INFO [2020-03-24 22:27:22] $category.names
INFO [2020-03-24 22:27:22] c("Stanford_1", "Stanford_2", "Sanai_1", "Sanai_2", "Sanai_3")
INFO [2020-03-24 22:27:22] 
INFO [2020-03-24 22:27:22] $filename
INFO [2020-03-24 22:27:22] paste0(venn_file)
INFO [2020-03-24 22:27:22] 
INFO [2020-03-24 22:27:22] $output
INFO [2020-03-24 22:27:22] [1] TRUE
INFO [2020-03-24 22:27:22] 
INFO [2020-03-24 22:27:22] $imagetype
INFO [2020-03-24 22:27:22] [1] "png"
INFO [2020-03-24 22:27:22] 
INFO [2020-03-24 22:27:22] $scaled
INFO [2020-03-24 22:27:22] [1] FALSE
INFO [2020-03-24 22:27:22] 
INFO [2020-03-24 22:27:22] $col
INFO [2020-03-24 22:27:22] [1] "black"
INFO [2020-03-24 22:27:22] 
INFO [2020-03-24 22:27:22] $fill
INFO [2020-03-24 22:27:22] colors
INFO [2020-03-24 22:27:22] 
INFO [2020-03-24 22:27:22] $cat.col
INFO [2020-03-24 22:27:22] colors
INFO [2020-03-24 22:27:22] 
INFO [2020-03-24 22:27:22] $cat.cex
INFO [2020-03-24 22:27:22] [1] 2
INFO [2020-03-24 22:27:22] 
INFO [2020-03-24 22:27:22] $margin
INFO [2020-03-24 22:27:22] [1] 0.15
INFO [2020-03-24 22:27:22] 
