INFO [2020-03-24 22:26:14] $x
INFO [2020-03-24 22:26:14] list(SF_1, SF_2, MS_1, MS_2, MS_3)
INFO [2020-03-24 22:26:14] 
INFO [2020-03-24 22:26:14] $category.names
INFO [2020-03-24 22:26:14] c("Stanford_1", "Stanford_2", "Sanai_1", "Sanai_2", "Sanai_3")
INFO [2020-03-24 22:26:14] 
INFO [2020-03-24 22:26:14] $filename
INFO [2020-03-24 22:26:14] paste0(WD, "/plots/venn-batch-tissue_", auth, ".png")
INFO [2020-03-24 22:26:14] 
INFO [2020-03-24 22:26:14] $output
INFO [2020-03-24 22:26:14] [1] TRUE
INFO [2020-03-24 22:26:14] 
INFO [2020-03-24 22:26:14] $imagetype
INFO [2020-03-24 22:26:14] [1] "png"
INFO [2020-03-24 22:26:14] 
INFO [2020-03-24 22:26:14] $scaled
INFO [2020-03-24 22:26:14] [1] FALSE
INFO [2020-03-24 22:26:14] 
INFO [2020-03-24 22:26:14] $col
INFO [2020-03-24 22:26:14] [1] "black"
INFO [2020-03-24 22:26:14] 
INFO [2020-03-24 22:26:14] $fill
INFO [2020-03-24 22:26:14] colors
INFO [2020-03-24 22:26:14] 
INFO [2020-03-24 22:26:14] $cat.col
INFO [2020-03-24 22:26:14] colors
INFO [2020-03-24 22:26:14] 
INFO [2020-03-24 22:26:14] $cat.cex
INFO [2020-03-24 22:26:14] [1] 2
INFO [2020-03-24 22:26:14] 
INFO [2020-03-24 22:26:14] $margin
INFO [2020-03-24 22:26:14] [1] 0.15
INFO [2020-03-24 22:26:14] 
